<?xml version="1.0" encoding="UTF-8"?>
<TestRun id="a5354d03-7d82-4a67-bd5a-a1131e065455" name="sconnolly@DEVSCONNOLLY 2013-03-04 16:44:16" runUser="VISTAPRINTUS\sconnolly" xmlns="http://microsoft.com/schemas/VisualStudio/TeamTest/2010">
  <TestSettings name="Local" id="c11b4321-ff4f-4b50-9287-c46474555a37">
    <Description>These are default test settings for a local test run.</Description>
    <Deployment enabled="false" runDeploymentRoot="sconnolly_DEVSCONNOLLY 2013-03-04 16_44_16">
      <DeploymentItem filename="C:\github\yahoo-fantasy-football-tools\YahooFantasyFootballTools\YahooFantasySportsClient\bin\Debug\YahooFantasySportsClient.dll" />
    </Deployment>
    <Execution>
      <TestTypeSpecific />
      <AgentRule name="Execution Agents">
      </AgentRule>
    </Execution>
  </TestSettings>
  <Times creation="2013-03-04T16:44:16.0943874-05:00" queuing="2013-03-04T16:44:16.1413874-05:00" start="2013-03-04T16:44:16.1563874-05:00" finish="2013-03-04T16:44:16.9123874-05:00" />
  <ResultSummary outcome="Failed">
    <Counters total="1" executed="1" error="0" failed="1" timeout="0" aborted="0" inconclusive="0" passedButRunAborted="0" notRunnable="0" notExecuted="0" disconnected="0" warning="0" passed="0" completed="0" inProgress="0" pending="0" />
  </ResultSummary>
  <TestDefinitions>
    <UnitTest name="GetRoster" storage="c:\github\yahoo-fantasy-football-tools\yahoofantasyfootballtools\yahoofantasysportsclient.tests\bin\debug\yahoofantasysportsclient.tests.dll" id="2973b89c-ec8e-15c5-7135-96db14f906bc">
      <Execution id="fbc85504-faa2-463e-9fd0-c4282977df0d" />
      <TestMethod codeBase="C:/github/yahoo-fantasy-football-tools/YahooFantasyFootballTools/YahooFantasySportsClient.Tests/bin/Debug/YahooFantasySportsClient.Tests.DLL" adapterTypeName="Microsoft.VisualStudio.TestTools.TestTypes.Unit.UnitTestAdapter, Microsoft.VisualStudio.QualityTools.Tips.UnitTest.Adapter, Version=10.0.0.0, Culture=neutral, PublicKeyToken=b03f5f7f11d50a3a" className="YahooFantasySportsClient.Tests.RosterTests, YahooFantasySportsClient.Tests, Version=1.0.0.0, Culture=neutral, PublicKeyToken=null" name="GetRoster" />
    </UnitTest>
  </TestDefinitions>
  <TestLists>
    <TestList name="Results Not in a List" id="8c84fa94-04c1-424b-9868-57a2d4851a1d" />
    <TestList name="All Loaded Results" id="19431567-8539-422a-85d7-44ee4e166bda" />
  </TestLists>
  <TestEntries>
    <TestEntry testId="2973b89c-ec8e-15c5-7135-96db14f906bc" executionId="fbc85504-faa2-463e-9fd0-c4282977df0d" testListId="8c84fa94-04c1-424b-9868-57a2d4851a1d" />
  </TestEntries>
  <Results>
    <UnitTestResult executionId="fbc85504-faa2-463e-9fd0-c4282977df0d" testId="2973b89c-ec8e-15c5-7135-96db14f906bc" testName="GetRoster" computerName="DEVSCONNOLLY" duration="00:00:00.5176512" startTime="2013-03-04T16:44:16.1593874-05:00" endTime="2013-03-04T16:44:16.8633874-05:00" testType="13cdc9d9-ddb5-4fa4-a97d-d965ccfc6d4b" outcome="Failed" testListId="8c84fa94-04c1-424b-9868-57a2d4851a1d" relativeResultsDirectory="fbc85504-faa2-463e-9fd0-c4282977df0d">
      <Output>
        <ErrorInfo>
          <Message>Test method YahooFantasySportsClient.Tests.RosterTests.GetRoster threw exception: 
System.NotImplementedException: The method or operation is not implemented.</Message>
          <StackTrace>    at YahooFantasySportsClient.Domain.League.GetTeams() in C:\github\yahoo-fantasy-football-tools\YahooFantasyFootballTools\YahooFantasySportsClient\Domain\League.cs:line 16
   at YahooFantasySportsClient.Tests.RosterTests.GetRoster() in C:\github\yahoo-fantasy-football-tools\YahooFantasyFootballTools\YahooFantasySportsClient.Tests\RosterTests.cs:line 18
</StackTrace>
        </ErrorInfo>
      </Output>
    </UnitTestResult>
  </Results>
</TestRun>