<?xml version="1.0" encoding="UTF-8"?>
<TestRun id="444205f1-b3ff-45d4-9131-4d65b047e531" name="sconnolly@DEVSCONNOLLY 2013-03-04 16:57:04" runUser="VISTAPRINTUS\sconnolly" xmlns="http://microsoft.com/schemas/VisualStudio/TeamTest/2010">
  <TestSettings name="Local" id="c11b4321-ff4f-4b50-9287-c46474555a37">
    <Description>These are default test settings for a local test run.</Description>
    <Deployment enabled="false" runDeploymentRoot="sconnolly_DEVSCONNOLLY 2013-03-04 16_57_04">
      <DeploymentItem filename="C:\github\yahoo-fantasy-football-tools\YahooFantasyFootballTools\YahooFantasySportsClient\bin\Debug\YahooFantasySportsClient.dll" />
    </Deployment>
    <Execution>
      <TestTypeSpecific />
      <AgentRule name="Execution Agents">
      </AgentRule>
    </Execution>
  </TestSettings>
  <Times creation="2013-03-04T16:57:04.2423874-05:00" queuing="2013-03-04T16:57:07.4633874-05:00" start="2013-03-04T16:57:07.6773874-05:00" finish="2013-03-04T16:58:05.8413874-05:00" />
  <ResultSummary outcome="Error">
    <Counters total="1" executed="1" error="0" failed="0" timeout="0" aborted="1" inconclusive="0" passedButRunAborted="0" notRunnable="0" notExecuted="0" disconnected="0" warning="0" passed="0" completed="0" inProgress="0" pending="0" />
    <RunInfos>
      <RunInfo computerName="DEVSCONNOLLY" outcome="Error" timestamp="2013-03-04T16:58:05.7963874-05:00">
        <Text>Test host process exited unexpectedly.</Text>
      </RunInfo>
    </RunInfos>
  </ResultSummary>
  <TestDefinitions>
    <UnitTest name="GetTeams" storage="c:\github\yahoo-fantasy-football-tools\yahoofantasyfootballtools\yahoofantasysportsclient.tests\bin\debug\yahoofantasysportsclient.tests.dll" id="1e74f9d9-461a-fbd2-6f98-47755a39c138">
      <Execution id="51994b95-ade4-4597-a34f-29ec9b8839b5" />
      <TestMethod codeBase="C:/github/yahoo-fantasy-football-tools/YahooFantasyFootballTools/YahooFantasySportsClient.Tests/bin/Debug/YahooFantasySportsClient.Tests.DLL" adapterTypeName="Microsoft.VisualStudio.TestTools.TestTypes.Unit.UnitTestAdapter, Microsoft.VisualStudio.QualityTools.Tips.UnitTest.Adapter, Version=10.0.0.0, Culture=neutral, PublicKeyToken=b03f5f7f11d50a3a" className="YahooFantasySportsClient.Tests.LeagueTests, YahooFantasySportsClient.Tests, Version=1.0.0.0, Culture=neutral, PublicKeyToken=null" name="GetTeams" />
    </UnitTest>
  </TestDefinitions>
  <TestLists>
    <TestList name="Results Not in a List" id="8c84fa94-04c1-424b-9868-57a2d4851a1d" />
    <TestList name="All Loaded Results" id="19431567-8539-422a-85d7-44ee4e166bda" />
  </TestLists>
  <TestEntries>
    <TestEntry testId="1e74f9d9-461a-fbd2-6f98-47755a39c138" executionId="51994b95-ade4-4597-a34f-29ec9b8839b5" testListId="8c84fa94-04c1-424b-9868-57a2d4851a1d" />
  </TestEntries>
  <Results>
    <UnitTestResult executionId="51994b95-ade4-4597-a34f-29ec9b8839b5" testId="1e74f9d9-461a-fbd2-6f98-47755a39c138" testName="GetTeams" computerName="DEVSCONNOLLY" duration="00:00:58.0320000" startTime="2013-03-04T16:57:07.8093874-05:00" endTime="2013-03-04T16:58:05.8413874-05:00" testType="13cdc9d9-ddb5-4fa4-a97d-d965ccfc6d4b" outcome="Aborted" testListId="8c84fa94-04c1-424b-9868-57a2d4851a1d" relativeResultsDirectory="51994b95-ade4-4597-a34f-29ec9b8839b5">
    </UnitTestResult>
  </Results>
</TestRun>